{"timestamp": "2025-12-27T16:11:13.260693+00:00", "level": "\u001b[32mINFO\u001b[0m", "logger": "main", "message": "\ud83c\udfac Cinema Booking System starting up...", "module": "main", "function": "startup_event", "line": 75}
{"timestamp": "2025-12-27T16:11:13.261113+00:00", "level": "\u001b[32mINFO\u001b[0m", "logger": "main", "message": "Registered routes:", "module": "main", "function": "startup_event", "line": 76}
{"timestamp": "2025-12-27T16:11:13.261547+00:00", "level": "\u001b[32mINFO\u001b[0m", "logger": "main", "message": "  GET,HEAD   /openapi.json", "module": "main", "function": "startup_event", "line": 81}
{"timestamp": "2025-12-27T16:11:13.261849+00:00", "level": "\u001b[32mINFO\u001b[0m", "logger": "main", "message": "  GET,HEAD   /docs", "module": "main", "function": "startup_event", "line": 81}
{"timestamp": "2025-12-27T16:11:13.262021+00:00", "level": "\u001b[32mINFO\u001b[0m", "logger": "main", "message": "  GET,HEAD   /docs/oauth2-redirect", "module": "main", "function": "startup_event", "line": 81}
{"timestamp": "2025-12-27T16:11:13.262164+00:00", "level": "\u001b[32mINFO\u001b[0m", "logger": "main", "message": "  GET,HEAD   /redoc", "module": "main", "function": "startup_event", "line": 81}
{"timestamp": "2025-12-27T16:11:13.262306+00:00", "level": "\u001b[32mINFO\u001b[0m", "logger": "main", "message": "  POST       /auth/register", "module": "main", "function": "startup_event", "line": 81}
{"timestamp": "2025-12-27T16:11:13.262447+00:00", "level": "\u001b[32mINFO\u001b[0m", "logger": "main", "message": "  POST       /auth/login", "module": "main", "function": "startup_event", "line": 81}
{"timestamp": "2025-12-27T16:11:13.262621+00:00", "level": "\u001b[32mINFO\u001b[0m", "logger": "main", "message": "  POST       /auth/refresh", "module": "main", "function": "startup_event", "line": 81}
{"timestamp": "2025-12-27T16:11:13.263089+00:00", "level": "\u001b[32mINFO\u001b[0m", "logger": "main", "message": "  GET        /profiles/me", "module": "main", "function": "startup_event", "line": 81}
{"timestamp": "2025-12-27T16:11:13.263358+00:00", "level": "\u001b[32mINFO\u001b[0m", "logger": "main", "message": "  PATCH      /profiles/me", "module": "main", "function": "startup_event", "line": 81}
{"timestamp": "2025-12-27T16:11:13.263613+00:00", "level": "\u001b[32mINFO\u001b[0m", "logger": "main", "message": "  POST       /movies/", "module": "main", "function": "startup_event", "line": 81}
{"timestamp": "2025-12-27T16:11:13.263786+00:00", "level": "\u001b[32mINFO\u001b[0m", "logger": "main", "message": "  GET        /movies/", "module": "main", "function": "startup_event", "line": 81}
{"timestamp": "2025-12-27T16:11:13.263951+00:00", "level": "\u001b[32mINFO\u001b[0m", "logger": "main", "message": "  GET        /movies/{movie_id}", "module": "main", "function": "startup_event", "line": 81}
{"timestamp": "2025-12-27T16:11:13.264114+00:00", "level": "\u001b[32mINFO\u001b[0m", "logger": "main", "message": "  PUT        /movies/{movie_id}", "module": "main", "function": "startup_event", "line": 81}
{"timestamp": "2025-12-27T16:11:13.264272+00:00", "level": "\u001b[32mINFO\u001b[0m", "logger": "main", "message": "  PATCH      /movies/{movie_id}/deactivate", "module": "main", "function": "startup_event", "line": 81}
{"timestamp": "2025-12-27T16:11:13.264434+00:00", "level": "\u001b[32mINFO\u001b[0m", "logger": "main", "message": "  DELETE     /movies/{movie_id}", "module": "main", "function": "startup_event", "line": 81}
{"timestamp": "2025-12-27T16:11:13.264684+00:00", "level": "\u001b[32mINFO\u001b[0m", "logger": "main", "message": "  POST       /screen/screens", "module": "main", "function": "startup_event", "line": 81}
{"timestamp": "2025-12-27T16:11:13.264929+00:00", "level": "\u001b[32mINFO\u001b[0m", "logger": "main", "message": "  GET        /screen/screens", "module": "main", "function": "startup_event", "line": 81}
{"timestamp": "2025-12-27T16:11:13.265158+00:00", "level": "\u001b[32mINFO\u001b[0m", "logger": "main", "message": "  GET        /screen/screens/{screen_id}", "module": "main", "function": "startup_event", "line": 81}
{"timestamp": "2025-12-27T16:11:13.265476+00:00", "level": "\u001b[32mINFO\u001b[0m", "logger": "main", "message": "  PUT        /screen/screens/{screen_id}", "module": "main", "function": "startup_event", "line": 81}
{"timestamp": "2025-12-27T16:11:13.265812+00:00", "level": "\u001b[32mINFO\u001b[0m", "logger": "main", "message": "  DELETE     /screen/screens/{screen_id}", "module": "main", "function": "startup_event", "line": 81}
{"timestamp": "2025-12-27T16:11:13.266133+00:00", "level": "\u001b[32mINFO\u001b[0m", "logger": "main", "message": "  POST       /screen/layouts", "module": "main", "function": "startup_event", "line": 81}
{"timestamp": "2025-12-27T16:11:13.266738+00:00", "level": "\u001b[32mINFO\u001b[0m", "logger": "main", "message": "  GET        /screen/layouts", "module": "main", "function": "startup_event", "line": 81}
{"timestamp": "2025-12-27T16:11:13.267014+00:00", "level": "\u001b[32mINFO\u001b[0m", "logger": "main", "message": "  GET        /screen/layouts/{layout_id}", "module": "main", "function": "startup_event", "line": 81}
{"timestamp": "2025-12-27T16:11:13.267231+00:00", "level": "\u001b[32mINFO\u001b[0m", "logger": "main", "message": "  PUT        /screen/layouts/{layout_id}", "module": "main", "function": "startup_event", "line": 81}
{"timestamp": "2025-12-27T16:11:13.267453+00:00", "level": "\u001b[32mINFO\u001b[0m", "logger": "main", "message": "  DELETE     /screen/layouts/{layout_id}", "module": "main", "function": "startup_event", "line": 81}
{"timestamp": "2025-12-27T16:11:13.267649+00:00", "level": "\u001b[32mINFO\u001b[0m", "logger": "main", "message": "  POST       /showtimes/", "module": "main", "function": "startup_event", "line": 81}
{"timestamp": "2025-12-27T16:11:13.267793+00:00", "level": "\u001b[32mINFO\u001b[0m", "logger": "main", "message": "  GET        /showtimes/", "module": "main", "function": "startup_event", "line": 81}
{"timestamp": "2025-12-27T16:11:13.268074+00:00", "level": "\u001b[32mINFO\u001b[0m", "logger": "main", "message": "  GET        /showtimes/{showtime_id}", "module": "main", "function": "startup_event", "line": 81}
{"timestamp": "2025-12-27T16:11:13.268411+00:00", "level": "\u001b[32mINFO\u001b[0m", "logger": "main", "message": "  GET        /showtimes/movie/{movie_id}", "module": "main", "function": "startup_event", "line": 81}
{"timestamp": "2025-12-27T16:11:13.268663+00:00", "level": "\u001b[32mINFO\u001b[0m", "logger": "main", "message": "  GET        /showtimes/screen/{screen_id}", "module": "main", "function": "startup_event", "line": 81}
{"timestamp": "2025-12-27T16:11:13.268938+00:00", "level": "\u001b[32mINFO\u001b[0m", "logger": "main", "message": "  PUT        /showtimes/{showtime_id}", "module": "main", "function": "startup_event", "line": 81}
{"timestamp": "2025-12-27T16:11:13.269210+00:00", "level": "\u001b[32mINFO\u001b[0m", "logger": "main", "message": "  DELETE     /showtimes/{showtime_id}", "module": "main", "function": "startup_event", "line": 81}
{"timestamp": "2025-12-27T16:11:13.269532+00:00", "level": "\u001b[32mINFO\u001b[0m", "logger": "main", "message": "  POST       /seatavailability/lock", "module": "main", "function": "startup_event", "line": 81}
{"timestamp": "2025-12-27T16:11:13.270016+00:00", "level": "\u001b[32mINFO\u001b[0m", "logger": "main", "message": "  POST       /seatavailability/unlock", "module": "main", "function": "startup_event", "line": 81}
{"timestamp": "2025-12-27T16:11:13.270415+00:00", "level": "\u001b[32mINFO\u001b[0m", "logger": "main", "message": "  GET        /seatavailability/grid/{showtime_id}", "module": "main", "function": "startup_event", "line": 81}
{"timestamp": "2025-12-27T16:11:13.270701+00:00", "level": "\u001b[32mINFO\u001b[0m", "logger": "main", "message": "  POST       /reservations/", "module": "main", "function": "startup_event", "line": 81}
{"timestamp": "2025-12-27T16:11:13.271030+00:00", "level": "\u001b[32mINFO\u001b[0m", "logger": "main", "message": "  GET        /reservations/", "module": "main", "function": "startup_event", "line": 81}
{"timestamp": "2025-12-27T16:11:13.271446+00:00", "level": "\u001b[32mINFO\u001b[0m", "logger": "main", "message": "  GET        /reservations/{reservation_id}", "module": "main", "function": "startup_event", "line": 81}
{"timestamp": "2025-12-27T16:11:13.271929+00:00", "level": "\u001b[32mINFO\u001b[0m", "logger": "main", "message": "  POST       /reservations/{reservation_id}/cancel", "module": "main", "function": "startup_event", "line": 81}
{"timestamp": "2025-12-27T16:11:13.272251+00:00", "level": "\u001b[32mINFO\u001b[0m", "logger": "main", "message": "  GET        /orders/", "module": "main", "function": "startup_event", "line": 81}
{"timestamp": "2025-12-27T16:11:13.272631+00:00", "level": "\u001b[32mINFO\u001b[0m", "logger": "main", "message": "  POST       /pricing/modifiers", "module": "main", "function": "startup_event", "line": 81}
{"timestamp": "2025-12-27T16:11:13.273016+00:00", "level": "\u001b[32mINFO\u001b[0m", "logger": "main", "message": "  GET        /pricing/modifiers", "module": "main", "function": "startup_event", "line": 81}
{"timestamp": "2025-12-27T16:11:13.273330+00:00", "level": "\u001b[32mINFO\u001b[0m", "logger": "main", "message": "  GET        /pricing/modifiers/{modifier_id}", "module": "main", "function": "startup_event", "line": 81}
{"timestamp": "2025-12-27T16:11:13.273514+00:00", "level": "\u001b[32mINFO\u001b[0m", "logger": "main", "message": "  PATCH      /pricing/modifiers/{modifier_id}", "module": "main", "function": "startup_event", "line": 81}
{"timestamp": "2025-12-27T16:11:13.273718+00:00", "level": "\u001b[32mINFO\u001b[0m", "logger": "main", "message": "  DELETE     /pricing/modifiers/{modifier_id}", "module": "main", "function": "startup_event", "line": 81}
{"timestamp": "2025-12-27T16:11:13.273919+00:00", "level": "\u001b[32mINFO\u001b[0m", "logger": "main", "message": "  GET        /payments/order/{order_id}", "module": "main", "function": "startup_event", "line": 81}
{"timestamp": "2025-12-27T16:11:13.274059+00:00", "level": "\u001b[32mINFO\u001b[0m", "logger": "main", "message": "  GET        /payments/{payment_attempt_id}", "module": "main", "function": "startup_event", "line": 81}
{"timestamp": "2025-12-27T16:11:13.274265+00:00", "level": "\u001b[32mINFO\u001b[0m", "logger": "main", "message": "  GET        /refunds/{refund_id}", "module": "main", "function": "startup_event", "line": 81}
{"timestamp": "2025-12-27T16:11:13.274475+00:00", "level": "\u001b[32mINFO\u001b[0m", "logger": "main", "message": "  GET        /refunds/reservation/{reservation_id}", "module": "main", "function": "startup_event", "line": 81}
{"timestamp": "2025-12-27T16:11:13.274703+00:00", "level": "\u001b[32mINFO\u001b[0m", "logger": "main", "message": "  POST       /admin/reservations/{reservation_id}/cancel", "module": "main", "function": "startup_event", "line": 81}
{"timestamp": "2025-12-27T16:11:13.274974+00:00", "level": "\u001b[32mINFO\u001b[0m", "logger": "main", "message": "  POST       /admin/orders/{order_id}/cancel", "module": "main", "function": "startup_event", "line": 81}
{"timestamp": "2025-12-27T16:11:13.275331+00:00", "level": "\u001b[32mINFO\u001b[0m", "logger": "main", "message": "  POST       /admin/payments/{payment_attempt_id}/fail", "module": "main", "function": "startup_event", "line": 81}
{"timestamp": "2025-12-27T16:11:13.275895+00:00", "level": "\u001b[32mINFO\u001b[0m", "logger": "main", "message": "  POST       /admin/refunds/force", "module": "main", "function": "startup_event", "line": 81}
{"timestamp": "2025-12-27T16:11:13.276507+00:00", "level": "\u001b[32mINFO\u001b[0m", "logger": "main", "message": "  GET        /admin/users/{user_id}/profile", "module": "main", "function": "startup_event", "line": 81}
{"timestamp": "2025-12-27T16:11:13.276950+00:00", "level": "\u001b[32mINFO\u001b[0m", "logger": "main", "message": "  PATCH      /admin/users/{user_id}/type", "module": "main", "function": "startup_event", "line": 81}
{"timestamp": "2025-12-27T16:11:13.277347+00:00", "level": "\u001b[32mINFO\u001b[0m", "logger": "main", "message": "  DELETE     /admin/users/{user_id}/profile", "module": "main", "function": "startup_event", "line": 81}
{"timestamp": "2025-12-27T16:11:13.277763+00:00", "level": "\u001b[32mINFO\u001b[0m", "logger": "main", "message": "  GET        /", "module": "main", "function": "startup_event", "line": 81}
{"timestamp": "2025-12-27T16:11:13.278092+00:00", "level": "\u001b[32mINFO\u001b[0m", "logger": "main", "message": "  GET        /health", "module": "main", "function": "startup_event", "line": 81}
{"timestamp": "2025-12-27T16:11:13.278319+00:00", "level": "\u001b[32mINFO\u001b[0m", "logger": "main", "message": "All event handlers registered", "module": "main", "function": "startup_event", "line": 83}
{"timestamp": "2025-12-27T16:11:13.278530+00:00", "level": "\u001b[32mINFO\u001b[0m", "logger": "main", "message": "System ready to accept requests", "module": "main", "function": "startup_event", "line": 84}
{"timestamp": "2025-12-27T16:14:08.340300+00:00", "level": "\u001b[32mINFO\u001b[0m", "logger": "main", "message": "Cinema Booking System shutting down...", "module": "main", "function": "shutdown_event", "line": 90}
{"timestamp": "2025-12-27T16:16:09.317776+00:00", "level": "\u001b[32mINFO\u001b[0m", "logger": "main", "message": "\ud83c\udfac Cinema Booking System starting up...", "module": "main", "function": "startup_event", "line": 75}
{"timestamp": "2025-12-27T16:16:09.318621+00:00", "level": "\u001b[32mINFO\u001b[0m", "logger": "main", "message": "Registered routes:", "module": "main", "function": "startup_event", "line": 76}
{"timestamp": "2025-12-27T16:16:09.318975+00:00", "level": "\u001b[32mINFO\u001b[0m", "logger": "main", "message": "  GET,HEAD   /openapi.json", "module": "main", "function": "startup_event", "line": 81}
{"timestamp": "2025-12-27T16:16:09.319313+00:00", "level": "\u001b[32mINFO\u001b[0m", "logger": "main", "message": "  GET,HEAD   /docs", "module": "main", "function": "startup_event", "line": 81}
{"timestamp": "2025-12-27T16:16:09.319663+00:00", "level": "\u001b[32mINFO\u001b[0m", "logger": "main", "message": "  GET,HEAD   /docs/oauth2-redirect", "module": "main", "function": "startup_event", "line": 81}
{"timestamp": "2025-12-27T16:16:09.319988+00:00", "level": "\u001b[32mINFO\u001b[0m", "logger": "main", "message": "  GET,HEAD   /redoc", "module": "main", "function": "startup_event", "line": 81}
{"timestamp": "2025-12-27T16:16:09.320331+00:00", "level": "\u001b[32mINFO\u001b[0m", "logger": "main", "message": "  POST       /auth/register", "module": "main", "function": "startup_event", "line": 81}
{"timestamp": "2025-12-27T16:16:09.320645+00:00", "level": "\u001b[32mINFO\u001b[0m", "logger": "main", "message": "  POST       /auth/login", "module": "main", "function": "startup_event", "line": 81}
{"timestamp": "2025-12-27T16:16:09.320999+00:00", "level": "\u001b[32mINFO\u001b[0m", "logger": "main", "message": "  POST       /auth/refresh", "module": "main", "function": "startup_event", "line": 81}
{"timestamp": "2025-12-27T16:16:09.321315+00:00", "level": "\u001b[32mINFO\u001b[0m", "logger": "main", "message": "  GET        /profiles/me", "module": "main", "function": "startup_event", "line": 81}
{"timestamp": "2025-12-27T16:16:09.321747+00:00", "level": "\u001b[32mINFO\u001b[0m", "logger": "main", "message": "  PATCH      /profiles/me", "module": "main", "function": "startup_event", "line": 81}
{"timestamp": "2025-12-27T16:16:09.322592+00:00", "level": "\u001b[32mINFO\u001b[0m", "logger": "main", "message": "  POST       /movies/", "module": "main", "function": "startup_event", "line": 81}
{"timestamp": "2025-12-27T16:16:09.323096+00:00", "level": "\u001b[32mINFO\u001b[0m", "logger": "main", "message": "  GET        /movies/", "module": "main", "function": "startup_event", "line": 81}
{"timestamp": "2025-12-27T16:16:09.323491+00:00", "level": "\u001b[32mINFO\u001b[0m", "logger": "main", "message": "  GET        /movies/{movie_id}", "module": "main", "function": "startup_event", "line": 81}
{"timestamp": "2025-12-27T16:16:09.323927+00:00", "level": "\u001b[32mINFO\u001b[0m", "logger": "main", "message": "  PUT        /movies/{movie_id}", "module": "main", "function": "startup_event", "line": 81}
{"timestamp": "2025-12-27T16:16:09.324423+00:00", "level": "\u001b[32mINFO\u001b[0m", "logger": "main", "message": "  PATCH      /movies/{movie_id}/deactivate", "module": "main", "function": "startup_event", "line": 81}
{"timestamp": "2025-12-27T16:16:09.324749+00:00", "level": "\u001b[32mINFO\u001b[0m", "logger": "main", "message": "  DELETE     /movies/{movie_id}", "module": "main", "function": "startup_event", "line": 81}
{"timestamp": "2025-12-27T16:16:09.325074+00:00", "level": "\u001b[32mINFO\u001b[0m", "logger": "main", "message": "  POST       /screen/screens", "module": "main", "function": "startup_event", "line": 81}
{"timestamp": "2025-12-27T16:16:09.325399+00:00", "level": "\u001b[32mINFO\u001b[0m", "logger": "main", "message": "  GET        /screen/screens", "module": "main", "function": "startup_event", "line": 81}
{"timestamp": "2025-12-27T16:16:09.325613+00:00", "level": "\u001b[32mINFO\u001b[0m", "logger": "main", "message": "  GET        /screen/screens/{screen_id}", "module": "main", "function": "startup_event", "line": 81}
{"timestamp": "2025-12-27T16:16:09.325800+00:00", "level": "\u001b[32mINFO\u001b[0m", "logger": "main", "message": "  PUT        /screen/screens/{screen_id}", "module": "main", "function": "startup_event", "line": 81}
{"timestamp": "2025-12-27T16:16:09.326018+00:00", "level": "\u001b[32mINFO\u001b[0m", "logger": "main", "message": "  DELETE     /screen/screens/{screen_id}", "module": "main", "function": "startup_event", "line": 81}
{"timestamp": "2025-12-27T16:16:09.326318+00:00", "level": "\u001b[32mINFO\u001b[0m", "logger": "main", "message": "  POST       /screen/layouts", "module": "main", "function": "startup_event", "line": 81}
{"timestamp": "2025-12-27T16:16:09.326656+00:00", "level": "\u001b[32mINFO\u001b[0m", "logger": "main", "message": "  GET        /screen/layouts", "module": "main", "function": "startup_event", "line": 81}
{"timestamp": "2025-12-27T16:16:09.327247+00:00", "level": "\u001b[32mINFO\u001b[0m", "logger": "main", "message": "  GET        /screen/layouts/{layout_id}", "module": "main", "function": "startup_event", "line": 81}
{"timestamp": "2025-12-27T16:16:09.327607+00:00", "level": "\u001b[32mINFO\u001b[0m", "logger": "main", "message": "  PUT        /screen/layouts/{layout_id}", "module": "main", "function": "startup_event", "line": 81}
{"timestamp": "2025-12-27T16:16:09.328177+00:00", "level": "\u001b[32mINFO\u001b[0m", "logger": "main", "message": "  DELETE     /screen/layouts/{layout_id}", "module": "main", "function": "startup_event", "line": 81}
{"timestamp": "2025-12-27T16:16:09.329352+00:00", "level": "\u001b[32mINFO\u001b[0m", "logger": "main", "message": "  POST       /showtimes/", "module": "main", "function": "startup_event", "line": 81}
{"timestamp": "2025-12-27T16:16:09.329837+00:00", "level": "\u001b[32mINFO\u001b[0m", "logger": "main", "message": "  GET        /showtimes/", "module": "main", "function": "startup_event", "line": 81}
{"timestamp": "2025-12-27T16:16:09.330215+00:00", "level": "\u001b[32mINFO\u001b[0m", "logger": "main", "message": "  GET        /showtimes/{showtime_id}", "module": "main", "function": "startup_event", "line": 81}
{"timestamp": "2025-12-27T16:16:09.330649+00:00", "level": "\u001b[32mINFO\u001b[0m", "logger": "main", "message": "  GET        /showtimes/movie/{movie_id}", "module": "main", "function": "startup_event", "line": 81}
{"timestamp": "2025-12-27T16:16:09.331105+00:00", "level": "\u001b[32mINFO\u001b[0m", "logger": "main", "message": "  GET        /showtimes/screen/{screen_id}", "module": "main", "function": "startup_event", "line": 81}
{"timestamp": "2025-12-27T16:16:09.331539+00:00", "level": "\u001b[32mINFO\u001b[0m", "logger": "main", "message": "  PUT        /showtimes/{showtime_id}", "module": "main", "function": "startup_event", "line": 81}
{"timestamp": "2025-12-27T16:16:09.331964+00:00", "level": "\u001b[32mINFO\u001b[0m", "logger": "main", "message": "  DELETE     /showtimes/{showtime_id}", "module": "main", "function": "startup_event", "line": 81}
{"timestamp": "2025-12-27T16:16:09.332350+00:00", "level": "\u001b[32mINFO\u001b[0m", "logger": "main", "message": "  POST       /seatavailability/lock", "module": "main", "function": "startup_event", "line": 81}
{"timestamp": "2025-12-27T16:16:09.332640+00:00", "level": "\u001b[32mINFO\u001b[0m", "logger": "main", "message": "  POST       /seatavailability/unlock", "module": "main", "function": "startup_event", "line": 81}
{"timestamp": "2025-12-27T16:16:09.332921+00:00", "level": "\u001b[32mINFO\u001b[0m", "logger": "main", "message": "  GET        /seatavailability/grid/{showtime_id}", "module": "main", "function": "startup_event", "line": 81}
{"timestamp": "2025-12-27T16:16:09.333148+00:00", "level": "\u001b[32mINFO\u001b[0m", "logger": "main", "message": "  POST       /reservations/", "module": "main", "function": "startup_event", "line": 81}
{"timestamp": "2025-12-27T16:16:09.333449+00:00", "level": "\u001b[32mINFO\u001b[0m", "logger": "main", "message": "  GET        /reservations/", "module": "main", "function": "startup_event", "line": 81}
{"timestamp": "2025-12-27T16:16:09.333725+00:00", "level": "\u001b[32mINFO\u001b[0m", "logger": "main", "message": "  GET        /reservations/{reservation_id}", "module": "main", "function": "startup_event", "line": 81}
{"timestamp": "2025-12-27T16:16:09.334069+00:00", "level": "\u001b[32mINFO\u001b[0m", "logger": "main", "message": "  POST       /reservations/{reservation_id}/cancel", "module": "main", "function": "startup_event", "line": 81}
{"timestamp": "2025-12-27T16:16:09.334540+00:00", "level": "\u001b[32mINFO\u001b[0m", "logger": "main", "message": "  GET        /orders/", "module": "main", "function": "startup_event", "line": 81}
{"timestamp": "2025-12-27T16:16:09.334855+00:00", "level": "\u001b[32mINFO\u001b[0m", "logger": "main", "message": "  POST       /pricing/modifiers", "module": "main", "function": "startup_event", "line": 81}
{"timestamp": "2025-12-27T16:16:09.335104+00:00", "level": "\u001b[32mINFO\u001b[0m", "logger": "main", "message": "  GET        /pricing/modifiers", "module": "main", "function": "startup_event", "line": 81}
{"timestamp": "2025-12-27T16:16:09.335320+00:00", "level": "\u001b[32mINFO\u001b[0m", "logger": "main", "message": "  GET        /pricing/modifiers/{modifier_id}", "module": "main", "function": "startup_event", "line": 81}
{"timestamp": "2025-12-27T16:16:09.335520+00:00", "level": "\u001b[32mINFO\u001b[0m", "logger": "main", "message": "  PATCH      /pricing/modifiers/{modifier_id}", "module": "main", "function": "startup_event", "line": 81}
{"timestamp": "2025-12-27T16:16:09.335761+00:00", "level": "\u001b[32mINFO\u001b[0m", "logger": "main", "message": "  DELETE     /pricing/modifiers/{modifier_id}", "module": "main", "function": "startup_event", "line": 81}
{"timestamp": "2025-12-27T16:16:09.336004+00:00", "level": "\u001b[32mINFO\u001b[0m", "logger": "main", "message": "  GET        /payments/order/{order_id}", "module": "main", "function": "startup_event", "line": 81}
{"timestamp": "2025-12-27T16:16:09.336303+00:00", "level": "\u001b[32mINFO\u001b[0m", "logger": "main", "message": "  GET        /payments/{payment_attempt_id}", "module": "main", "function": "startup_event", "line": 81}
{"timestamp": "2025-12-27T16:16:09.336829+00:00", "level": "\u001b[32mINFO\u001b[0m", "logger": "main", "message": "  GET        /refunds/{refund_id}", "module": "main", "function": "startup_event", "line": 81}
{"timestamp": "2025-12-27T16:16:09.337287+00:00", "level": "\u001b[32mINFO\u001b[0m", "logger": "main", "message": "  GET        /refunds/reservation/{reservation_id}", "module": "main", "function": "startup_event", "line": 81}
{"timestamp": "2025-12-27T16:16:09.337636+00:00", "level": "\u001b[32mINFO\u001b[0m", "logger": "main", "message": "  POST       /admin/reservations/{reservation_id}/cancel", "module": "main", "function": "startup_event", "line": 81}
{"timestamp": "2025-12-27T16:16:09.338014+00:00", "level": "\u001b[32mINFO\u001b[0m", "logger": "main", "message": "  POST       /admin/orders/{order_id}/cancel", "module": "main", "function": "startup_event", "line": 81}
{"timestamp": "2025-12-27T16:16:09.338391+00:00", "level": "\u001b[32mINFO\u001b[0m", "logger": "main", "message": "  POST       /admin/payments/{payment_attempt_id}/fail", "module": "main", "function": "startup_event", "line": 81}
{"timestamp": "2025-12-27T16:16:09.338707+00:00", "level": "\u001b[32mINFO\u001b[0m", "logger": "main", "message": "  POST       /admin/refunds/force", "module": "main", "function": "startup_event", "line": 81}
{"timestamp": "2025-12-27T16:16:09.338946+00:00", "level": "\u001b[32mINFO\u001b[0m", "logger": "main", "message": "  GET        /admin/users/{user_id}/profile", "module": "main", "function": "startup_event", "line": 81}
{"timestamp": "2025-12-27T16:16:09.339176+00:00", "level": "\u001b[32mINFO\u001b[0m", "logger": "main", "message": "  PATCH      /admin/users/{user_id}/type", "module": "main", "function": "startup_event", "line": 81}
{"timestamp": "2025-12-27T16:16:09.339387+00:00", "level": "\u001b[32mINFO\u001b[0m", "logger": "main", "message": "  DELETE     /admin/users/{user_id}/profile", "module": "main", "function": "startup_event", "line": 81}
{"timestamp": "2025-12-27T16:16:09.339585+00:00", "level": "\u001b[32mINFO\u001b[0m", "logger": "main", "message": "  GET        /", "module": "main", "function": "startup_event", "line": 81}
{"timestamp": "2025-12-27T16:16:09.339779+00:00", "level": "\u001b[32mINFO\u001b[0m", "logger": "main", "message": "  GET        /health", "module": "main", "function": "startup_event", "line": 81}
{"timestamp": "2025-12-27T16:16:09.340036+00:00", "level": "\u001b[32mINFO\u001b[0m", "logger": "main", "message": "All event handlers registered", "module": "main", "function": "startup_event", "line": 83}
{"timestamp": "2025-12-27T16:16:09.340254+00:00", "level": "\u001b[32mINFO\u001b[0m", "logger": "main", "message": "System ready to accept requests", "module": "main", "function": "startup_event", "line": 84}
{"timestamp": "2025-12-27T16:16:20.934092+00:00", "level": "\u001b[32mINFO\u001b[0m", "logger": "app.core.middleware", "message": "\u2192 GET /", "module": "middleware", "function": "dispatch", "line": 44, "request_id": "0676bc89-c67d-4595-abf7-3d5a11bc0f53"}
{"timestamp": "2025-12-27T16:16:20.936130+00:00", "level": "\u001b[32mINFO\u001b[0m", "logger": "app.core.middleware", "message": "\u2190 GET / \u2192 200 (0.002s)", "module": "middleware", "function": "dispatch", "line": 63, "request_id": "0676bc89-c67d-4595-abf7-3d5a11bc0f53"}
{"timestamp": "2025-12-27T16:25:59.480059+00:00", "level": "\u001b[32mINFO\u001b[0m", "logger": "main", "message": "Cinema Booking System shutting down...", "module": "main", "function": "shutdown_event", "line": 90}
{"timestamp": "2025-12-27T16:26:01.497677+00:00", "level": "\u001b[32mINFO\u001b[0m", "logger": "main", "message": "\ud83c\udfac Cinema Booking System starting up...", "module": "main", "function": "startup_event", "line": 75}
{"timestamp": "2025-12-27T16:26:01.497934+00:00", "level": "\u001b[32mINFO\u001b[0m", "logger": "main", "message": "Registered routes:", "module": "main", "function": "startup_event", "line": 76}
{"timestamp": "2025-12-27T16:26:01.498109+00:00", "level": "\u001b[32mINFO\u001b[0m", "logger": "main", "message": "  HEAD,GET   /openapi.json", "module": "main", "function": "startup_event", "line": 81}
{"timestamp": "2025-12-27T16:26:01.498321+00:00", "level": "\u001b[32mINFO\u001b[0m", "logger": "main", "message": "  HEAD,GET   /docs", "module": "main", "function": "startup_event", "line": 81}
{"timestamp": "2025-12-27T16:26:01.498628+00:00", "level": "\u001b[32mINFO\u001b[0m", "logger": "main", "message": "  HEAD,GET   /docs/oauth2-redirect", "module": "main", "function": "startup_event", "line": 81}
{"timestamp": "2025-12-27T16:26:01.498866+00:00", "level": "\u001b[32mINFO\u001b[0m", "logger": "main", "message": "  HEAD,GET   /redoc", "module": "main", "function": "startup_event", "line": 81}
{"timestamp": "2025-12-27T16:26:01.499034+00:00", "level": "\u001b[32mINFO\u001b[0m", "logger": "main", "message": "  POST       /auth/register", "module": "main", "function": "startup_event", "line": 81}
{"timestamp": "2025-12-27T16:26:01.499241+00:00", "level": "\u001b[32mINFO\u001b[0m", "logger": "main", "message": "  POST       /auth/login", "module": "main", "function": "startup_event", "line": 81}
{"timestamp": "2025-12-27T16:26:01.499402+00:00", "level": "\u001b[32mINFO\u001b[0m", "logger": "main", "message": "  POST       /auth/refresh", "module": "main", "function": "startup_event", "line": 81}
{"timestamp": "2025-12-27T16:26:01.499562+00:00", "level": "\u001b[32mINFO\u001b[0m", "logger": "main", "message": "  GET        /profiles/me", "module": "main", "function": "startup_event", "line": 81}
{"timestamp": "2025-12-27T16:26:01.499721+00:00", "level": "\u001b[32mINFO\u001b[0m", "logger": "main", "message": "  PATCH      /profiles/me", "module": "main", "function": "startup_event", "line": 81}
{"timestamp": "2025-12-27T16:26:01.499881+00:00", "level": "\u001b[32mINFO\u001b[0m", "logger": "main", "message": "  POST       /movies/", "module": "main", "function": "startup_event", "line": 81}
{"timestamp": "2025-12-27T16:26:01.500040+00:00", "level": "\u001b[32mINFO\u001b[0m", "logger": "main", "message": "  GET        /movies/", "module": "main", "function": "startup_event", "line": 81}
{"timestamp": "2025-12-27T16:26:01.500202+00:00", "level": "\u001b[32mINFO\u001b[0m", "logger": "main", "message": "  GET        /movies/{movie_id}", "module": "main", "function": "startup_event", "line": 81}
{"timestamp": "2025-12-27T16:26:01.500360+00:00", "level": "\u001b[32mINFO\u001b[0m", "logger": "main", "message": "  PUT        /movies/{movie_id}", "module": "main", "function": "startup_event", "line": 81}
{"timestamp": "2025-12-27T16:26:01.500536+00:00", "level": "\u001b[32mINFO\u001b[0m", "logger": "main", "message": "  PATCH      /movies/{movie_id}/deactivate", "module": "main", "function": "startup_event", "line": 81}
{"timestamp": "2025-12-27T16:26:01.500700+00:00", "level": "\u001b[32mINFO\u001b[0m", "logger": "main", "message": "  DELETE     /movies/{movie_id}", "module": "main", "function": "startup_event", "line": 81}
{"timestamp": "2025-12-27T16:26:01.500863+00:00", "level": "\u001b[32mINFO\u001b[0m", "logger": "main", "message": "  POST       /screen/screens", "module": "main", "function": "startup_event", "line": 81}
{"timestamp": "2025-12-27T16:26:01.501022+00:00", "level": "\u001b[32mINFO\u001b[0m", "logger": "main", "message": "  GET        /screen/screens", "module": "main", "function": "startup_event", "line": 81}
{"timestamp": "2025-12-27T16:26:01.501180+00:00", "level": "\u001b[32mINFO\u001b[0m", "logger": "main", "message": "  GET        /screen/screens/{screen_id}", "module": "main", "function": "startup_event", "line": 81}
{"timestamp": "2025-12-27T16:26:01.501338+00:00", "level": "\u001b[32mINFO\u001b[0m", "logger": "main", "message": "  PUT        /screen/screens/{screen_id}", "module": "main", "function": "startup_event", "line": 81}
{"timestamp": "2025-12-27T16:26:01.501497+00:00", "level": "\u001b[32mINFO\u001b[0m", "logger": "main", "message": "  DELETE     /screen/screens/{screen_id}", "module": "main", "function": "startup_event", "line": 81}
{"timestamp": "2025-12-27T16:26:01.501655+00:00", "level": "\u001b[32mINFO\u001b[0m", "logger": "main", "message": "  POST       /screen/layouts", "module": "main", "function": "startup_event", "line": 81}
{"timestamp": "2025-12-27T16:26:01.501815+00:00", "level": "\u001b[32mINFO\u001b[0m", "logger": "main", "message": "  GET        /screen/layouts", "module": "main", "function": "startup_event", "line": 81}
{"timestamp": "2025-12-27T16:26:01.501990+00:00", "level": "\u001b[32mINFO\u001b[0m", "logger": "main", "message": "  GET        /screen/layouts/{layout_id}", "module": "main", "function": "startup_event", "line": 81}
{"timestamp": "2025-12-27T16:26:01.502149+00:00", "level": "\u001b[32mINFO\u001b[0m", "logger": "main", "message": "  PUT        /screen/layouts/{layout_id}", "module": "main", "function": "startup_event", "line": 81}
{"timestamp": "2025-12-27T16:26:01.502314+00:00", "level": "\u001b[32mINFO\u001b[0m", "logger": "main", "message": "  DELETE     /screen/layouts/{layout_id}", "module": "main", "function": "startup_event", "line": 81}
{"timestamp": "2025-12-27T16:26:01.502463+00:00", "level": "\u001b[32mINFO\u001b[0m", "logger": "main", "message": "  POST       /showtimes/", "module": "main", "function": "startup_event", "line": 81}
{"timestamp": "2025-12-27T16:26:01.502661+00:00", "level": "\u001b[32mINFO\u001b[0m", "logger": "main", "message": "  GET        /showtimes/", "module": "main", "function": "startup_event", "line": 81}
{"timestamp": "2025-12-27T16:26:01.502849+00:00", "level": "\u001b[32mINFO\u001b[0m", "logger": "main", "message": "  GET        /showtimes/{showtime_id}", "module": "main", "function": "startup_event", "line": 81}
{"timestamp": "2025-12-27T16:26:01.503040+00:00", "level": "\u001b[32mINFO\u001b[0m", "logger": "main", "message": "  GET        /showtimes/movie/{movie_id}", "module": "main", "function": "startup_event", "line": 81}
{"timestamp": "2025-12-27T16:26:01.503193+00:00", "level": "\u001b[32mINFO\u001b[0m", "logger": "main", "message": "  GET        /showtimes/screen/{screen_id}", "module": "main", "function": "startup_event", "line": 81}
{"timestamp": "2025-12-27T16:26:01.503391+00:00", "level": "\u001b[32mINFO\u001b[0m", "logger": "main", "message": "  PUT        /showtimes/{showtime_id}", "module": "main", "function": "startup_event", "line": 81}
{"timestamp": "2025-12-27T16:26:01.503573+00:00", "level": "\u001b[32mINFO\u001b[0m", "logger": "main", "message": "  DELETE     /showtimes/{showtime_id}", "module": "main", "function": "startup_event", "line": 81}
{"timestamp": "2025-12-27T16:26:01.503742+00:00", "level": "\u001b[32mINFO\u001b[0m", "logger": "main", "message": "  POST       /seatavailability/lock", "module": "main", "function": "startup_event", "line": 81}
{"timestamp": "2025-12-27T16:26:01.503930+00:00", "level": "\u001b[32mINFO\u001b[0m", "logger": "main", "message": "  POST       /seatavailability/unlock", "module": "main", "function": "startup_event", "line": 81}
{"timestamp": "2025-12-27T16:26:01.504141+00:00", "level": "\u001b[32mINFO\u001b[0m", "logger": "main", "message": "  GET        /seatavailability/grid/{showtime_id}", "module": "main", "function": "startup_event", "line": 81}
{"timestamp": "2025-12-27T16:26:01.504291+00:00", "level": "\u001b[32mINFO\u001b[0m", "logger": "main", "message": "  POST       /reservations/", "module": "main", "function": "startup_event", "line": 81}
{"timestamp": "2025-12-27T16:26:01.504446+00:00", "level": "\u001b[32mINFO\u001b[0m", "logger": "main", "message": "  GET        /reservations/", "module": "main", "function": "startup_event", "line": 81}
{"timestamp": "2025-12-27T16:26:01.504645+00:00", "level": "\u001b[32mINFO\u001b[0m", "logger": "main", "message": "  GET        /reservations/{reservation_id}", "module": "main", "function": "startup_event", "line": 81}
{"timestamp": "2025-12-27T16:26:01.504802+00:00", "level": "\u001b[32mINFO\u001b[0m", "logger": "main", "message": "  POST       /reservations/{reservation_id}/cancel", "module": "main", "function": "startup_event", "line": 81}
{"timestamp": "2025-12-27T16:26:01.504972+00:00", "level": "\u001b[32mINFO\u001b[0m", "logger": "main", "message": "  GET        /orders/", "module": "main", "function": "startup_event", "line": 81}
{"timestamp": "2025-12-27T16:26:01.505170+00:00", "level": "\u001b[32mINFO\u001b[0m", "logger": "main", "message": "  POST       /pricing/modifiers", "module": "main", "function": "startup_event", "line": 81}
{"timestamp": "2025-12-27T16:26:01.505364+00:00", "level": "\u001b[32mINFO\u001b[0m", "logger": "main", "message": "  GET        /pricing/modifiers", "module": "main", "function": "startup_event", "line": 81}
{"timestamp": "2025-12-27T16:26:01.505502+00:00", "level": "\u001b[32mINFO\u001b[0m", "logger": "main", "message": "  GET        /pricing/modifiers/{modifier_id}", "module": "main", "function": "startup_event", "line": 81}
{"timestamp": "2025-12-27T16:26:01.505651+00:00", "level": "\u001b[32mINFO\u001b[0m", "logger": "main", "message": "  PATCH      /pricing/modifiers/{modifier_id}", "module": "main", "function": "startup_event", "line": 81}
{"timestamp": "2025-12-27T16:26:01.505765+00:00", "level": "\u001b[32mINFO\u001b[0m", "logger": "main", "message": "  DELETE     /pricing/modifiers/{modifier_id}", "module": "main", "function": "startup_event", "line": 81}
{"timestamp": "2025-12-27T16:26:01.505874+00:00", "level": "\u001b[32mINFO\u001b[0m", "logger": "main", "message": "  GET        /payments/order/{order_id}", "module": "main", "function": "startup_event", "line": 81}
{"timestamp": "2025-12-27T16:26:01.505983+00:00", "level": "\u001b[32mINFO\u001b[0m", "logger": "main", "message": "  GET        /payments/{payment_attempt_id}", "module": "main", "function": "startup_event", "line": 81}
{"timestamp": "2025-12-27T16:26:01.506090+00:00", "level": "\u001b[32mINFO\u001b[0m", "logger": "main", "message": "  GET        /refunds/{refund_id}", "module": "main", "function": "startup_event", "line": 81}
{"timestamp": "2025-12-27T16:26:01.506199+00:00", "level": "\u001b[32mINFO\u001b[0m", "logger": "main", "message": "  GET        /refunds/reservation/{reservation_id}", "module": "main", "function": "startup_event", "line": 81}
{"timestamp": "2025-12-27T16:26:01.506308+00:00", "level": "\u001b[32mINFO\u001b[0m", "logger": "main", "message": "  POST       /admin/reservations/{reservation_id}/cancel", "module": "main", "function": "startup_event", "line": 81}
{"timestamp": "2025-12-27T16:26:01.506417+00:00", "level": "\u001b[32mINFO\u001b[0m", "logger": "main", "message": "  POST       /admin/orders/{order_id}/cancel", "module": "main", "function": "startup_event", "line": 81}
{"timestamp": "2025-12-27T16:26:01.506525+00:00", "level": "\u001b[32mINFO\u001b[0m", "logger": "main", "message": "  POST       /admin/payments/{payment_attempt_id}/fail", "module": "main", "function": "startup_event", "line": 81}
{"timestamp": "2025-12-27T16:26:01.506635+00:00", "level": "\u001b[32mINFO\u001b[0m", "logger": "main", "message": "  POST       /admin/refunds/force", "module": "main", "function": "startup_event", "line": 81}
{"timestamp": "2025-12-27T16:26:01.506744+00:00", "level": "\u001b[32mINFO\u001b[0m", "logger": "main", "message": "  GET        /admin/users/{user_id}/profile", "module": "main", "function": "startup_event", "line": 81}
{"timestamp": "2025-12-27T16:26:01.506851+00:00", "level": "\u001b[32mINFO\u001b[0m", "logger": "main", "message": "  PATCH      /admin/users/{user_id}/type", "module": "main", "function": "startup_event", "line": 81}
{"timestamp": "2025-12-27T16:26:01.506959+00:00", "level": "\u001b[32mINFO\u001b[0m", "logger": "main", "message": "  DELETE     /admin/users/{user_id}/profile", "module": "main", "function": "startup_event", "line": 81}
{"timestamp": "2025-12-27T16:26:01.507066+00:00", "level": "\u001b[32mINFO\u001b[0m", "logger": "main", "message": "  GET        /", "module": "main", "function": "startup_event", "line": 81}
{"timestamp": "2025-12-27T16:26:01.507173+00:00", "level": "\u001b[32mINFO\u001b[0m", "logger": "main", "message": "  GET        /health", "module": "main", "function": "startup_event", "line": 81}
{"timestamp": "2025-12-27T16:26:01.507278+00:00", "level": "\u001b[32mINFO\u001b[0m", "logger": "main", "message": "All event handlers registered", "module": "main", "function": "startup_event", "line": 83}
{"timestamp": "2025-12-27T16:26:01.507426+00:00", "level": "\u001b[32mINFO\u001b[0m", "logger": "main", "message": "System ready to accept requests", "module": "main", "function": "startup_event", "line": 84}
