{"timestamp": "2025-12-27T16:11:13.260494+00:00", "level": "\u001b[32mINFO\u001b[0m", "logger": "main", "message": "\ud83c\udfac Cinema Booking System starting up...", "module": "main", "function": "startup_event", "line": 75}
{"timestamp": "2025-12-27T16:11:13.260997+00:00", "level": "\u001b[32mINFO\u001b[0m", "logger": "main", "message": "Registered routes:", "module": "main", "function": "startup_event", "line": 76}
{"timestamp": "2025-12-27T16:11:13.261362+00:00", "level": "\u001b[32mINFO\u001b[0m", "logger": "main", "message": "  GET,HEAD   /openapi.json", "module": "main", "function": "startup_event", "line": 81}
{"timestamp": "2025-12-27T16:11:13.261807+00:00", "level": "\u001b[32mINFO\u001b[0m", "logger": "main", "message": "  GET,HEAD   /docs", "module": "main", "function": "startup_event", "line": 81}
{"timestamp": "2025-12-27T16:11:13.261993+00:00", "level": "\u001b[32mINFO\u001b[0m", "logger": "main", "message": "  GET,HEAD   /docs/oauth2-redirect", "module": "main", "function": "startup_event", "line": 81}
{"timestamp": "2025-12-27T16:11:13.262137+00:00", "level": "\u001b[32mINFO\u001b[0m", "logger": "main", "message": "  GET,HEAD   /redoc", "module": "main", "function": "startup_event", "line": 81}
{"timestamp": "2025-12-27T16:11:13.262280+00:00", "level": "\u001b[32mINFO\u001b[0m", "logger": "main", "message": "  POST       /auth/register", "module": "main", "function": "startup_event", "line": 81}
{"timestamp": "2025-12-27T16:11:13.262421+00:00", "level": "\u001b[32mINFO\u001b[0m", "logger": "main", "message": "  POST       /auth/login", "module": "main", "function": "startup_event", "line": 81}
{"timestamp": "2025-12-27T16:11:13.262576+00:00", "level": "\u001b[32mINFO\u001b[0m", "logger": "main", "message": "  POST       /auth/refresh", "module": "main", "function": "startup_event", "line": 81}
{"timestamp": "2025-12-27T16:11:13.263033+00:00", "level": "\u001b[32mINFO\u001b[0m", "logger": "main", "message": "  GET        /profiles/me", "module": "main", "function": "startup_event", "line": 81}
{"timestamp": "2025-12-27T16:11:13.263273+00:00", "level": "\u001b[32mINFO\u001b[0m", "logger": "main", "message": "  PATCH      /profiles/me", "module": "main", "function": "startup_event", "line": 81}
{"timestamp": "2025-12-27T16:11:13.263566+00:00", "level": "\u001b[32mINFO\u001b[0m", "logger": "main", "message": "  POST       /movies/", "module": "main", "function": "startup_event", "line": 81}
{"timestamp": "2025-12-27T16:11:13.263757+00:00", "level": "\u001b[32mINFO\u001b[0m", "logger": "main", "message": "  GET        /movies/", "module": "main", "function": "startup_event", "line": 81}
{"timestamp": "2025-12-27T16:11:13.263911+00:00", "level": "\u001b[32mINFO\u001b[0m", "logger": "main", "message": "  GET        /movies/{movie_id}", "module": "main", "function": "startup_event", "line": 81}
{"timestamp": "2025-12-27T16:11:13.264086+00:00", "level": "\u001b[32mINFO\u001b[0m", "logger": "main", "message": "  PUT        /movies/{movie_id}", "module": "main", "function": "startup_event", "line": 81}
{"timestamp": "2025-12-27T16:11:13.264237+00:00", "level": "\u001b[32mINFO\u001b[0m", "logger": "main", "message": "  PATCH      /movies/{movie_id}/deactivate", "module": "main", "function": "startup_event", "line": 81}
{"timestamp": "2025-12-27T16:11:13.264407+00:00", "level": "\u001b[32mINFO\u001b[0m", "logger": "main", "message": "  DELETE     /movies/{movie_id}", "module": "main", "function": "startup_event", "line": 81}
{"timestamp": "2025-12-27T16:11:13.264592+00:00", "level": "\u001b[32mINFO\u001b[0m", "logger": "main", "message": "  POST       /screen/screens", "module": "main", "function": "startup_event", "line": 81}
{"timestamp": "2025-12-27T16:11:13.264889+00:00", "level": "\u001b[32mINFO\u001b[0m", "logger": "main", "message": "  GET        /screen/screens", "module": "main", "function": "startup_event", "line": 81}
{"timestamp": "2025-12-27T16:11:13.265066+00:00", "level": "\u001b[32mINFO\u001b[0m", "logger": "main", "message": "  GET        /screen/screens/{screen_id}", "module": "main", "function": "startup_event", "line": 81}
{"timestamp": "2025-12-27T16:11:13.265378+00:00", "level": "\u001b[32mINFO\u001b[0m", "logger": "main", "message": "  PUT        /screen/screens/{screen_id}", "module": "main", "function": "startup_event", "line": 81}
{"timestamp": "2025-12-27T16:11:13.265742+00:00", "level": "\u001b[32mINFO\u001b[0m", "logger": "main", "message": "  DELETE     /screen/screens/{screen_id}", "module": "main", "function": "startup_event", "line": 81}
{"timestamp": "2025-12-27T16:11:13.266049+00:00", "level": "\u001b[32mINFO\u001b[0m", "logger": "main", "message": "  POST       /screen/layouts", "module": "main", "function": "startup_event", "line": 81}
{"timestamp": "2025-12-27T16:11:13.266627+00:00", "level": "\u001b[32mINFO\u001b[0m", "logger": "main", "message": "  GET        /screen/layouts", "module": "main", "function": "startup_event", "line": 81}
{"timestamp": "2025-12-27T16:11:13.266969+00:00", "level": "\u001b[32mINFO\u001b[0m", "logger": "main", "message": "  GET        /screen/layouts/{layout_id}", "module": "main", "function": "startup_event", "line": 81}
{"timestamp": "2025-12-27T16:11:13.267175+00:00", "level": "\u001b[32mINFO\u001b[0m", "logger": "main", "message": "  PUT        /screen/layouts/{layout_id}", "module": "main", "function": "startup_event", "line": 81}
{"timestamp": "2025-12-27T16:11:13.267406+00:00", "level": "\u001b[32mINFO\u001b[0m", "logger": "main", "message": "  DELETE     /screen/layouts/{layout_id}", "module": "main", "function": "startup_event", "line": 81}
{"timestamp": "2025-12-27T16:11:13.267619+00:00", "level": "\u001b[32mINFO\u001b[0m", "logger": "main", "message": "  POST       /showtimes/", "module": "main", "function": "startup_event", "line": 81}
{"timestamp": "2025-12-27T16:11:13.267763+00:00", "level": "\u001b[32mINFO\u001b[0m", "logger": "main", "message": "  GET        /showtimes/", "module": "main", "function": "startup_event", "line": 81}
{"timestamp": "2025-12-27T16:11:13.267974+00:00", "level": "\u001b[32mINFO\u001b[0m", "logger": "main", "message": "  GET        /showtimes/{showtime_id}", "module": "main", "function": "startup_event", "line": 81}
{"timestamp": "2025-12-27T16:11:13.268353+00:00", "level": "\u001b[32mINFO\u001b[0m", "logger": "main", "message": "  GET        /showtimes/movie/{movie_id}", "module": "main", "function": "startup_event", "line": 81}
{"timestamp": "2025-12-27T16:11:13.268605+00:00", "level": "\u001b[32mINFO\u001b[0m", "logger": "main", "message": "  GET        /showtimes/screen/{screen_id}", "module": "main", "function": "startup_event", "line": 81}
{"timestamp": "2025-12-27T16:11:13.268880+00:00", "level": "\u001b[32mINFO\u001b[0m", "logger": "main", "message": "  PUT        /showtimes/{showtime_id}", "module": "main", "function": "startup_event", "line": 81}
{"timestamp": "2025-12-27T16:11:13.269154+00:00", "level": "\u001b[32mINFO\u001b[0m", "logger": "main", "message": "  DELETE     /showtimes/{showtime_id}", "module": "main", "function": "startup_event", "line": 81}
{"timestamp": "2025-12-27T16:11:13.269408+00:00", "level": "\u001b[32mINFO\u001b[0m", "logger": "main", "message": "  POST       /seatavailability/lock", "module": "main", "function": "startup_event", "line": 81}
{"timestamp": "2025-12-27T16:11:13.269898+00:00", "level": "\u001b[32mINFO\u001b[0m", "logger": "main", "message": "  POST       /seatavailability/unlock", "module": "main", "function": "startup_event", "line": 81}
{"timestamp": "2025-12-27T16:11:13.270316+00:00", "level": "\u001b[32mINFO\u001b[0m", "logger": "main", "message": "  GET        /seatavailability/grid/{showtime_id}", "module": "main", "function": "startup_event", "line": 81}
{"timestamp": "2025-12-27T16:11:13.270663+00:00", "level": "\u001b[32mINFO\u001b[0m", "logger": "main", "message": "  POST       /reservations/", "module": "main", "function": "startup_event", "line": 81}
{"timestamp": "2025-12-27T16:11:13.270894+00:00", "level": "\u001b[32mINFO\u001b[0m", "logger": "main", "message": "  GET        /reservations/", "module": "main", "function": "startup_event", "line": 81}
{"timestamp": "2025-12-27T16:11:13.271311+00:00", "level": "\u001b[32mINFO\u001b[0m", "logger": "main", "message": "  GET        /reservations/{reservation_id}", "module": "main", "function": "startup_event", "line": 81}
{"timestamp": "2025-12-27T16:11:13.271776+00:00", "level": "\u001b[32mINFO\u001b[0m", "logger": "main", "message": "  POST       /reservations/{reservation_id}/cancel", "module": "main", "function": "startup_event", "line": 81}
{"timestamp": "2025-12-27T16:11:13.272188+00:00", "level": "\u001b[32mINFO\u001b[0m", "logger": "main", "message": "  GET        /orders/", "module": "main", "function": "startup_event", "line": 81}
{"timestamp": "2025-12-27T16:11:13.272498+00:00", "level": "\u001b[32mINFO\u001b[0m", "logger": "main", "message": "  POST       /pricing/modifiers", "module": "main", "function": "startup_event", "line": 81}
{"timestamp": "2025-12-27T16:11:13.272935+00:00", "level": "\u001b[32mINFO\u001b[0m", "logger": "main", "message": "  GET        /pricing/modifiers", "module": "main", "function": "startup_event", "line": 81}
{"timestamp": "2025-12-27T16:11:13.273281+00:00", "level": "\u001b[32mINFO\u001b[0m", "logger": "main", "message": "  GET        /pricing/modifiers/{modifier_id}", "module": "main", "function": "startup_event", "line": 81}
{"timestamp": "2025-12-27T16:11:13.273482+00:00", "level": "\u001b[32mINFO\u001b[0m", "logger": "main", "message": "  PATCH      /pricing/modifiers/{modifier_id}", "module": "main", "function": "startup_event", "line": 81}
{"timestamp": "2025-12-27T16:11:13.273663+00:00", "level": "\u001b[32mINFO\u001b[0m", "logger": "main", "message": "  DELETE     /pricing/modifiers/{modifier_id}", "module": "main", "function": "startup_event", "line": 81}
{"timestamp": "2025-12-27T16:11:13.273887+00:00", "level": "\u001b[32mINFO\u001b[0m", "logger": "main", "message": "  GET        /payments/order/{order_id}", "module": "main", "function": "startup_event", "line": 81}
{"timestamp": "2025-12-27T16:11:13.274030+00:00", "level": "\u001b[32mINFO\u001b[0m", "logger": "main", "message": "  GET        /payments/{payment_attempt_id}", "module": "main", "function": "startup_event", "line": 81}
{"timestamp": "2025-12-27T16:11:13.274190+00:00", "level": "\u001b[32mINFO\u001b[0m", "logger": "main", "message": "  GET        /refunds/{refund_id}", "module": "main", "function": "startup_event", "line": 81}
{"timestamp": "2025-12-27T16:11:13.274446+00:00", "level": "\u001b[32mINFO\u001b[0m", "logger": "main", "message": "  GET        /refunds/reservation/{reservation_id}", "module": "main", "function": "startup_event", "line": 81}
{"timestamp": "2025-12-27T16:11:13.274634+00:00", "level": "\u001b[32mINFO\u001b[0m", "logger": "main", "message": "  POST       /admin/reservations/{reservation_id}/cancel", "module": "main", "function": "startup_event", "line": 81}
{"timestamp": "2025-12-27T16:11:13.274901+00:00", "level": "\u001b[32mINFO\u001b[0m", "logger": "main", "message": "  POST       /admin/orders/{order_id}/cancel", "module": "main", "function": "startup_event", "line": 81}
{"timestamp": "2025-12-27T16:11:13.275234+00:00", "level": "\u001b[32mINFO\u001b[0m", "logger": "main", "message": "  POST       /admin/payments/{payment_attempt_id}/fail", "module": "main", "function": "startup_event", "line": 81}
{"timestamp": "2025-12-27T16:11:13.275753+00:00", "level": "\u001b[32mINFO\u001b[0m", "logger": "main", "message": "  POST       /admin/refunds/force", "module": "main", "function": "startup_event", "line": 81}
{"timestamp": "2025-12-27T16:11:13.276350+00:00", "level": "\u001b[32mINFO\u001b[0m", "logger": "main", "message": "  GET        /admin/users/{user_id}/profile", "module": "main", "function": "startup_event", "line": 81}
{"timestamp": "2025-12-27T16:11:13.276843+00:00", "level": "\u001b[32mINFO\u001b[0m", "logger": "main", "message": "  PATCH      /admin/users/{user_id}/type", "module": "main", "function": "startup_event", "line": 81}
{"timestamp": "2025-12-27T16:11:13.277245+00:00", "level": "\u001b[32mINFO\u001b[0m", "logger": "main", "message": "  DELETE     /admin/users/{user_id}/profile", "module": "main", "function": "startup_event", "line": 81}
{"timestamp": "2025-12-27T16:11:13.277674+00:00", "level": "\u001b[32mINFO\u001b[0m", "logger": "main", "message": "  GET        /", "module": "main", "function": "startup_event", "line": 81}
{"timestamp": "2025-12-27T16:11:13.278021+00:00", "level": "\u001b[32mINFO\u001b[0m", "logger": "main", "message": "  GET        /health", "module": "main", "function": "startup_event", "line": 81}
{"timestamp": "2025-12-27T16:11:13.278274+00:00", "level": "\u001b[32mINFO\u001b[0m", "logger": "main", "message": "All event handlers registered", "module": "main", "function": "startup_event", "line": 83}
{"timestamp": "2025-12-27T16:11:13.278467+00:00", "level": "\u001b[32mINFO\u001b[0m", "logger": "main", "message": "System ready to accept requests", "module": "main", "function": "startup_event", "line": 84}
{"timestamp": "2025-12-27T16:14:08.340213+00:00", "level": "\u001b[32mINFO\u001b[0m", "logger": "main", "message": "Cinema Booking System shutting down...", "module": "main", "function": "shutdown_event", "line": 90}
{"timestamp": "2025-12-27T16:16:09.317164+00:00", "level": "\u001b[32mINFO\u001b[0m", "logger": "main", "message": "\ud83c\udfac Cinema Booking System starting up...", "module": "main", "function": "startup_event", "line": 75}
{"timestamp": "2025-12-27T16:16:09.318530+00:00", "level": "\u001b[32mINFO\u001b[0m", "logger": "main", "message": "Registered routes:", "module": "main", "function": "startup_event", "line": 76}
{"timestamp": "2025-12-27T16:16:09.318898+00:00", "level": "\u001b[32mINFO\u001b[0m", "logger": "main", "message": "  GET,HEAD   /openapi.json", "module": "main", "function": "startup_event", "line": 81}
{"timestamp": "2025-12-27T16:16:09.319242+00:00", "level": "\u001b[32mINFO\u001b[0m", "logger": "main", "message": "  GET,HEAD   /docs", "module": "main", "function": "startup_event", "line": 81}
{"timestamp": "2025-12-27T16:16:09.319588+00:00", "level": "\u001b[32mINFO\u001b[0m", "logger": "main", "message": "  GET,HEAD   /docs/oauth2-redirect", "module": "main", "function": "startup_event", "line": 81}
{"timestamp": "2025-12-27T16:16:09.319903+00:00", "level": "\u001b[32mINFO\u001b[0m", "logger": "main", "message": "  GET,HEAD   /redoc", "module": "main", "function": "startup_event", "line": 81}
{"timestamp": "2025-12-27T16:16:09.320261+00:00", "level": "\u001b[32mINFO\u001b[0m", "logger": "main", "message": "  POST       /auth/register", "module": "main", "function": "startup_event", "line": 81}
{"timestamp": "2025-12-27T16:16:09.320572+00:00", "level": "\u001b[32mINFO\u001b[0m", "logger": "main", "message": "  POST       /auth/login", "module": "main", "function": "startup_event", "line": 81}
{"timestamp": "2025-12-27T16:16:09.320927+00:00", "level": "\u001b[32mINFO\u001b[0m", "logger": "main", "message": "  POST       /auth/refresh", "module": "main", "function": "startup_event", "line": 81}
{"timestamp": "2025-12-27T16:16:09.321246+00:00", "level": "\u001b[32mINFO\u001b[0m", "logger": "main", "message": "  GET        /profiles/me", "module": "main", "function": "startup_event", "line": 81}
{"timestamp": "2025-12-27T16:16:09.321568+00:00", "level": "\u001b[32mINFO\u001b[0m", "logger": "main", "message": "  PATCH      /profiles/me", "module": "main", "function": "startup_event", "line": 81}
{"timestamp": "2025-12-27T16:16:09.322413+00:00", "level": "\u001b[32mINFO\u001b[0m", "logger": "main", "message": "  POST       /movies/", "module": "main", "function": "startup_event", "line": 81}
{"timestamp": "2025-12-27T16:16:09.323011+00:00", "level": "\u001b[32mINFO\u001b[0m", "logger": "main", "message": "  GET        /movies/", "module": "main", "function": "startup_event", "line": 81}
{"timestamp": "2025-12-27T16:16:09.323405+00:00", "level": "\u001b[32mINFO\u001b[0m", "logger": "main", "message": "  GET        /movies/{movie_id}", "module": "main", "function": "startup_event", "line": 81}
{"timestamp": "2025-12-27T16:16:09.323782+00:00", "level": "\u001b[32mINFO\u001b[0m", "logger": "main", "message": "  PUT        /movies/{movie_id}", "module": "main", "function": "startup_event", "line": 81}
{"timestamp": "2025-12-27T16:16:09.324322+00:00", "level": "\u001b[32mINFO\u001b[0m", "logger": "main", "message": "  PATCH      /movies/{movie_id}/deactivate", "module": "main", "function": "startup_event", "line": 81}
{"timestamp": "2025-12-27T16:16:09.324687+00:00", "level": "\u001b[32mINFO\u001b[0m", "logger": "main", "message": "  DELETE     /movies/{movie_id}", "module": "main", "function": "startup_event", "line": 81}
{"timestamp": "2025-12-27T16:16:09.324992+00:00", "level": "\u001b[32mINFO\u001b[0m", "logger": "main", "message": "  POST       /screen/screens", "module": "main", "function": "startup_event", "line": 81}
{"timestamp": "2025-12-27T16:16:09.325331+00:00", "level": "\u001b[32mINFO\u001b[0m", "logger": "main", "message": "  GET        /screen/screens", "module": "main", "function": "startup_event", "line": 81}
{"timestamp": "2025-12-27T16:16:09.325574+00:00", "level": "\u001b[32mINFO\u001b[0m", "logger": "main", "message": "  GET        /screen/screens/{screen_id}", "module": "main", "function": "startup_event", "line": 81}
{"timestamp": "2025-12-27T16:16:09.325760+00:00", "level": "\u001b[32mINFO\u001b[0m", "logger": "main", "message": "  PUT        /screen/screens/{screen_id}", "module": "main", "function": "startup_event", "line": 81}
{"timestamp": "2025-12-27T16:16:09.325979+00:00", "level": "\u001b[32mINFO\u001b[0m", "logger": "main", "message": "  DELETE     /screen/screens/{screen_id}", "module": "main", "function": "startup_event", "line": 81}
{"timestamp": "2025-12-27T16:16:09.326210+00:00", "level": "\u001b[32mINFO\u001b[0m", "logger": "main", "message": "  POST       /screen/layouts", "module": "main", "function": "startup_event", "line": 81}
{"timestamp": "2025-12-27T16:16:09.326573+00:00", "level": "\u001b[32mINFO\u001b[0m", "logger": "main", "message": "  GET        /screen/layouts", "module": "main", "function": "startup_event", "line": 81}
{"timestamp": "2025-12-27T16:16:09.327117+00:00", "level": "\u001b[32mINFO\u001b[0m", "logger": "main", "message": "  GET        /screen/layouts/{layout_id}", "module": "main", "function": "startup_event", "line": 81}
{"timestamp": "2025-12-27T16:16:09.327532+00:00", "level": "\u001b[32mINFO\u001b[0m", "logger": "main", "message": "  PUT        /screen/layouts/{layout_id}", "module": "main", "function": "startup_event", "line": 81}
{"timestamp": "2025-12-27T16:16:09.328053+00:00", "level": "\u001b[32mINFO\u001b[0m", "logger": "main", "message": "  DELETE     /screen/layouts/{layout_id}", "module": "main", "function": "startup_event", "line": 81}
{"timestamp": "2025-12-27T16:16:09.329195+00:00", "level": "\u001b[32mINFO\u001b[0m", "logger": "main", "message": "  POST       /showtimes/", "module": "main", "function": "startup_event", "line": 81}
{"timestamp": "2025-12-27T16:16:09.329722+00:00", "level": "\u001b[32mINFO\u001b[0m", "logger": "main", "message": "  GET        /showtimes/", "module": "main", "function": "startup_event", "line": 81}
{"timestamp": "2025-12-27T16:16:09.330128+00:00", "level": "\u001b[32mINFO\u001b[0m", "logger": "main", "message": "  GET        /showtimes/{showtime_id}", "module": "main", "function": "startup_event", "line": 81}
{"timestamp": "2025-12-27T16:16:09.330541+00:00", "level": "\u001b[32mINFO\u001b[0m", "logger": "main", "message": "  GET        /showtimes/movie/{movie_id}", "module": "main", "function": "startup_event", "line": 81}
{"timestamp": "2025-12-27T16:16:09.331005+00:00", "level": "\u001b[32mINFO\u001b[0m", "logger": "main", "message": "  GET        /showtimes/screen/{screen_id}", "module": "main", "function": "startup_event", "line": 81}
{"timestamp": "2025-12-27T16:16:09.331443+00:00", "level": "\u001b[32mINFO\u001b[0m", "logger": "main", "message": "  PUT        /showtimes/{showtime_id}", "module": "main", "function": "startup_event", "line": 81}
{"timestamp": "2025-12-27T16:16:09.331823+00:00", "level": "\u001b[32mINFO\u001b[0m", "logger": "main", "message": "  DELETE     /showtimes/{showtime_id}", "module": "main", "function": "startup_event", "line": 81}
{"timestamp": "2025-12-27T16:16:09.332262+00:00", "level": "\u001b[32mINFO\u001b[0m", "logger": "main", "message": "  POST       /seatavailability/lock", "module": "main", "function": "startup_event", "line": 81}
{"timestamp": "2025-12-27T16:16:09.332586+00:00", "level": "\u001b[32mINFO\u001b[0m", "logger": "main", "message": "  POST       /seatavailability/unlock", "module": "main", "function": "startup_event", "line": 81}
{"timestamp": "2025-12-27T16:16:09.332860+00:00", "level": "\u001b[32mINFO\u001b[0m", "logger": "main", "message": "  GET        /seatavailability/grid/{showtime_id}", "module": "main", "function": "startup_event", "line": 81}
{"timestamp": "2025-12-27T16:16:09.333106+00:00", "level": "\u001b[32mINFO\u001b[0m", "logger": "main", "message": "  POST       /reservations/", "module": "main", "function": "startup_event", "line": 81}
{"timestamp": "2025-12-27T16:16:09.333388+00:00", "level": "\u001b[32mINFO\u001b[0m", "logger": "main", "message": "  GET        /reservations/", "module": "main", "function": "startup_event", "line": 81}
{"timestamp": "2025-12-27T16:16:09.333661+00:00", "level": "\u001b[32mINFO\u001b[0m", "logger": "main", "message": "  GET        /reservations/{reservation_id}", "module": "main", "function": "startup_event", "line": 81}
{"timestamp": "2025-12-27T16:16:09.333982+00:00", "level": "\u001b[32mINFO\u001b[0m", "logger": "main", "message": "  POST       /reservations/{reservation_id}/cancel", "module": "main", "function": "startup_event", "line": 81}
{"timestamp": "2025-12-27T16:16:09.334463+00:00", "level": "\u001b[32mINFO\u001b[0m", "logger": "main", "message": "  GET        /orders/", "module": "main", "function": "startup_event", "line": 81}
{"timestamp": "2025-12-27T16:16:09.334781+00:00", "level": "\u001b[32mINFO\u001b[0m", "logger": "main", "message": "  POST       /pricing/modifiers", "module": "main", "function": "startup_event", "line": 81}
{"timestamp": "2025-12-27T16:16:09.335056+00:00", "level": "\u001b[32mINFO\u001b[0m", "logger": "main", "message": "  GET        /pricing/modifiers", "module": "main", "function": "startup_event", "line": 81}
{"timestamp": "2025-12-27T16:16:09.335273+00:00", "level": "\u001b[32mINFO\u001b[0m", "logger": "main", "message": "  GET        /pricing/modifiers/{modifier_id}", "module": "main", "function": "startup_event", "line": 81}
{"timestamp": "2025-12-27T16:16:09.335474+00:00", "level": "\u001b[32mINFO\u001b[0m", "logger": "main", "message": "  PATCH      /pricing/modifiers/{modifier_id}", "module": "main", "function": "startup_event", "line": 81}
{"timestamp": "2025-12-27T16:16:09.335706+00:00", "level": "\u001b[32mINFO\u001b[0m", "logger": "main", "message": "  DELETE     /pricing/modifiers/{modifier_id}", "module": "main", "function": "startup_event", "line": 81}
{"timestamp": "2025-12-27T16:16:09.335951+00:00", "level": "\u001b[32mINFO\u001b[0m", "logger": "main", "message": "  GET        /payments/order/{order_id}", "module": "main", "function": "startup_event", "line": 81}
{"timestamp": "2025-12-27T16:16:09.336243+00:00", "level": "\u001b[32mINFO\u001b[0m", "logger": "main", "message": "  GET        /payments/{payment_attempt_id}", "module": "main", "function": "startup_event", "line": 81}
{"timestamp": "2025-12-27T16:16:09.336586+00:00", "level": "\u001b[32mINFO\u001b[0m", "logger": "main", "message": "  GET        /refunds/{refund_id}", "module": "main", "function": "startup_event", "line": 81}
{"timestamp": "2025-12-27T16:16:09.337188+00:00", "level": "\u001b[32mINFO\u001b[0m", "logger": "main", "message": "  GET        /refunds/reservation/{reservation_id}", "module": "main", "function": "startup_event", "line": 81}
{"timestamp": "2025-12-27T16:16:09.337574+00:00", "level": "\u001b[32mINFO\u001b[0m", "logger": "main", "message": "  POST       /admin/reservations/{reservation_id}/cancel", "module": "main", "function": "startup_event", "line": 81}
{"timestamp": "2025-12-27T16:16:09.337894+00:00", "level": "\u001b[32mINFO\u001b[0m", "logger": "main", "message": "  POST       /admin/orders/{order_id}/cancel", "module": "main", "function": "startup_event", "line": 81}
{"timestamp": "2025-12-27T16:16:09.338291+00:00", "level": "\u001b[32mINFO\u001b[0m", "logger": "main", "message": "  POST       /admin/payments/{payment_attempt_id}/fail", "module": "main", "function": "startup_event", "line": 81}
{"timestamp": "2025-12-27T16:16:09.338645+00:00", "level": "\u001b[32mINFO\u001b[0m", "logger": "main", "message": "  POST       /admin/refunds/force", "module": "main", "function": "startup_event", "line": 81}
{"timestamp": "2025-12-27T16:16:09.338896+00:00", "level": "\u001b[32mINFO\u001b[0m", "logger": "main", "message": "  GET        /admin/users/{user_id}/profile", "module": "main", "function": "startup_event", "line": 81}
{"timestamp": "2025-12-27T16:16:09.339127+00:00", "level": "\u001b[32mINFO\u001b[0m", "logger": "main", "message": "  PATCH      /admin/users/{user_id}/type", "module": "main", "function": "startup_event", "line": 81}
{"timestamp": "2025-12-27T16:16:09.339338+00:00", "level": "\u001b[32mINFO\u001b[0m", "logger": "main", "message": "  DELETE     /admin/users/{user_id}/profile", "module": "main", "function": "startup_event", "line": 81}
{"timestamp": "2025-12-27T16:16:09.339543+00:00", "level": "\u001b[32mINFO\u001b[0m", "logger": "main", "message": "  GET        /", "module": "main", "function": "startup_event", "line": 81}
{"timestamp": "2025-12-27T16:16:09.339729+00:00", "level": "\u001b[32mINFO\u001b[0m", "logger": "main", "message": "  GET        /health", "module": "main", "function": "startup_event", "line": 81}
{"timestamp": "2025-12-27T16:16:09.339977+00:00", "level": "\u001b[32mINFO\u001b[0m", "logger": "main", "message": "All event handlers registered", "module": "main", "function": "startup_event", "line": 83}
{"timestamp": "2025-12-27T16:16:09.340214+00:00", "level": "\u001b[32mINFO\u001b[0m", "logger": "main", "message": "System ready to accept requests", "module": "main", "function": "startup_event", "line": 84}
{"timestamp": "2025-12-27T16:16:20.934014+00:00", "level": "\u001b[32mINFO\u001b[0m", "logger": "app.core.middleware", "message": "\u2192 GET /", "module": "middleware", "function": "dispatch", "line": 44, "request_id": "0676bc89-c67d-4595-abf7-3d5a11bc0f53"}
{"timestamp": "2025-12-27T16:16:20.935147+00:00", "level": "\u001b[36mDEBUG\u001b[0m", "logger": "main", "message": "Root endpoint hit", "module": "main", "function": "root", "line": 96, "request_id": "0676bc89-c67d-4595-abf7-3d5a11bc0f53"}
{"timestamp": "2025-12-27T16:16:20.936069+00:00", "level": "\u001b[32mINFO\u001b[0m", "logger": "app.core.middleware", "message": "\u2190 GET / \u2192 200 (0.002s)", "module": "middleware", "function": "dispatch", "line": 63, "request_id": "0676bc89-c67d-4595-abf7-3d5a11bc0f53"}
{"timestamp": "2025-12-27T16:25:59.479979+00:00", "level": "\u001b[32mINFO\u001b[0m", "logger": "main", "message": "Cinema Booking System shutting down...", "module": "main", "function": "shutdown_event", "line": 90}
{"timestamp": "2025-12-27T16:26:01.497507+00:00", "level": "\u001b[32mINFO\u001b[0m", "logger": "main", "message": "\ud83c\udfac Cinema Booking System starting up...", "module": "main", "function": "startup_event", "line": 75}
{"timestamp": "2025-12-27T16:26:01.497889+00:00", "level": "\u001b[32mINFO\u001b[0m", "logger": "main", "message": "Registered routes:", "module": "main", "function": "startup_event", "line": 76}
{"timestamp": "2025-12-27T16:26:01.498071+00:00", "level": "\u001b[32mINFO\u001b[0m", "logger": "main", "message": "  HEAD,GET   /openapi.json", "module": "main", "function": "startup_event", "line": 81}
{"timestamp": "2025-12-27T16:26:01.498245+00:00", "level": "\u001b[32mINFO\u001b[0m", "logger": "main", "message": "  HEAD,GET   /docs", "module": "main", "function": "startup_event", "line": 81}
{"timestamp": "2025-12-27T16:26:01.498506+00:00", "level": "\u001b[32mINFO\u001b[0m", "logger": "main", "message": "  HEAD,GET   /docs/oauth2-redirect", "module": "main", "function": "startup_event", "line": 81}
{"timestamp": "2025-12-27T16:26:01.498815+00:00", "level": "\u001b[32mINFO\u001b[0m", "logger": "main", "message": "  HEAD,GET   /redoc", "module": "main", "function": "startup_event", "line": 81}
{"timestamp": "2025-12-27T16:26:01.498996+00:00", "level": "\u001b[32mINFO\u001b[0m", "logger": "main", "message": "  POST       /auth/register", "module": "main", "function": "startup_event", "line": 81}
{"timestamp": "2025-12-27T16:26:01.499203+00:00", "level": "\u001b[32mINFO\u001b[0m", "logger": "main", "message": "  POST       /auth/login", "module": "main", "function": "startup_event", "line": 81}
{"timestamp": "2025-12-27T16:26:01.499365+00:00", "level": "\u001b[32mINFO\u001b[0m", "logger": "main", "message": "  POST       /auth/refresh", "module": "main", "function": "startup_event", "line": 81}
{"timestamp": "2025-12-27T16:26:01.499525+00:00", "level": "\u001b[32mINFO\u001b[0m", "logger": "main", "message": "  GET        /profiles/me", "module": "main", "function": "startup_event", "line": 81}
{"timestamp": "2025-12-27T16:26:01.499684+00:00", "level": "\u001b[32mINFO\u001b[0m", "logger": "main", "message": "  PATCH      /profiles/me", "module": "main", "function": "startup_event", "line": 81}
{"timestamp": "2025-12-27T16:26:01.499843+00:00", "level": "\u001b[32mINFO\u001b[0m", "logger": "main", "message": "  POST       /movies/", "module": "main", "function": "startup_event", "line": 81}
{"timestamp": "2025-12-27T16:26:01.500002+00:00", "level": "\u001b[32mINFO\u001b[0m", "logger": "main", "message": "  GET        /movies/", "module": "main", "function": "startup_event", "line": 81}
{"timestamp": "2025-12-27T16:26:01.500163+00:00", "level": "\u001b[32mINFO\u001b[0m", "logger": "main", "message": "  GET        /movies/{movie_id}", "module": "main", "function": "startup_event", "line": 81}
{"timestamp": "2025-12-27T16:26:01.500322+00:00", "level": "\u001b[32mINFO\u001b[0m", "logger": "main", "message": "  PUT        /movies/{movie_id}", "module": "main", "function": "startup_event", "line": 81}
{"timestamp": "2025-12-27T16:26:01.500482+00:00", "level": "\u001b[32mINFO\u001b[0m", "logger": "main", "message": "  PATCH      /movies/{movie_id}/deactivate", "module": "main", "function": "startup_event", "line": 81}
{"timestamp": "2025-12-27T16:26:01.500662+00:00", "level": "\u001b[32mINFO\u001b[0m", "logger": "main", "message": "  DELETE     /movies/{movie_id}", "module": "main", "function": "startup_event", "line": 81}
{"timestamp": "2025-12-27T16:26:01.500825+00:00", "level": "\u001b[32mINFO\u001b[0m", "logger": "main", "message": "  POST       /screen/screens", "module": "main", "function": "startup_event", "line": 81}
{"timestamp": "2025-12-27T16:26:01.500984+00:00", "level": "\u001b[32mINFO\u001b[0m", "logger": "main", "message": "  GET        /screen/screens", "module": "main", "function": "startup_event", "line": 81}
{"timestamp": "2025-12-27T16:26:01.501142+00:00", "level": "\u001b[32mINFO\u001b[0m", "logger": "main", "message": "  GET        /screen/screens/{screen_id}", "module": "main", "function": "startup_event", "line": 81}
{"timestamp": "2025-12-27T16:26:01.501301+00:00", "level": "\u001b[32mINFO\u001b[0m", "logger": "main", "message": "  PUT        /screen/screens/{screen_id}", "module": "main", "function": "startup_event", "line": 81}
{"timestamp": "2025-12-27T16:26:01.501459+00:00", "level": "\u001b[32mINFO\u001b[0m", "logger": "main", "message": "  DELETE     /screen/screens/{screen_id}", "module": "main", "function": "startup_event", "line": 81}
{"timestamp": "2025-12-27T16:26:01.501617+00:00", "level": "\u001b[32mINFO\u001b[0m", "logger": "main", "message": "  POST       /screen/layouts", "module": "main", "function": "startup_event", "line": 81}
{"timestamp": "2025-12-27T16:26:01.501778+00:00", "level": "\u001b[32mINFO\u001b[0m", "logger": "main", "message": "  GET        /screen/layouts", "module": "main", "function": "startup_event", "line": 81}
{"timestamp": "2025-12-27T16:26:01.501922+00:00", "level": "\u001b[32mINFO\u001b[0m", "logger": "main", "message": "  GET        /screen/layouts/{layout_id}", "module": "main", "function": "startup_event", "line": 81}
{"timestamp": "2025-12-27T16:26:01.502107+00:00", "level": "\u001b[32mINFO\u001b[0m", "logger": "main", "message": "  PUT        /screen/layouts/{layout_id}", "module": "main", "function": "startup_event", "line": 81}
{"timestamp": "2025-12-27T16:26:01.502285+00:00", "level": "\u001b[32mINFO\u001b[0m", "logger": "main", "message": "  DELETE     /screen/layouts/{layout_id}", "module": "main", "function": "startup_event", "line": 81}
{"timestamp": "2025-12-27T16:26:01.502423+00:00", "level": "\u001b[32mINFO\u001b[0m", "logger": "main", "message": "  POST       /showtimes/", "module": "main", "function": "startup_event", "line": 81}
{"timestamp": "2025-12-27T16:26:01.502613+00:00", "level": "\u001b[32mINFO\u001b[0m", "logger": "main", "message": "  GET        /showtimes/", "module": "main", "function": "startup_event", "line": 81}
{"timestamp": "2025-12-27T16:26:01.502800+00:00", "level": "\u001b[32mINFO\u001b[0m", "logger": "main", "message": "  GET        /showtimes/{showtime_id}", "module": "main", "function": "startup_event", "line": 81}
{"timestamp": "2025-12-27T16:26:01.503001+00:00", "level": "\u001b[32mINFO\u001b[0m", "logger": "main", "message": "  GET        /showtimes/movie/{movie_id}", "module": "main", "function": "startup_event", "line": 81}
{"timestamp": "2025-12-27T16:26:01.503152+00:00", "level": "\u001b[32mINFO\u001b[0m", "logger": "main", "message": "  GET        /showtimes/screen/{screen_id}", "module": "main", "function": "startup_event", "line": 81}
{"timestamp": "2025-12-27T16:26:01.503349+00:00", "level": "\u001b[32mINFO\u001b[0m", "logger": "main", "message": "  PUT        /showtimes/{showtime_id}", "module": "main", "function": "startup_event", "line": 81}
{"timestamp": "2025-12-27T16:26:01.503526+00:00", "level": "\u001b[32mINFO\u001b[0m", "logger": "main", "message": "  DELETE     /showtimes/{showtime_id}", "module": "main", "function": "startup_event", "line": 81}
{"timestamp": "2025-12-27T16:26:01.503706+00:00", "level": "\u001b[32mINFO\u001b[0m", "logger": "main", "message": "  POST       /seatavailability/lock", "module": "main", "function": "startup_event", "line": 81}
{"timestamp": "2025-12-27T16:26:01.503883+00:00", "level": "\u001b[32mINFO\u001b[0m", "logger": "main", "message": "  POST       /seatavailability/unlock", "module": "main", "function": "startup_event", "line": 81}
{"timestamp": "2025-12-27T16:26:01.504095+00:00", "level": "\u001b[32mINFO\u001b[0m", "logger": "main", "message": "  GET        /seatavailability/grid/{showtime_id}", "module": "main", "function": "startup_event", "line": 81}
{"timestamp": "2025-12-27T16:26:01.504259+00:00", "level": "\u001b[32mINFO\u001b[0m", "logger": "main", "message": "  POST       /reservations/", "module": "main", "function": "startup_event", "line": 81}
{"timestamp": "2025-12-27T16:26:01.504401+00:00", "level": "\u001b[32mINFO\u001b[0m", "logger": "main", "message": "  GET        /reservations/", "module": "main", "function": "startup_event", "line": 81}
{"timestamp": "2025-12-27T16:26:01.504605+00:00", "level": "\u001b[32mINFO\u001b[0m", "logger": "main", "message": "  GET        /reservations/{reservation_id}", "module": "main", "function": "startup_event", "line": 81}
{"timestamp": "2025-12-27T16:26:01.504773+00:00", "level": "\u001b[32mINFO\u001b[0m", "logger": "main", "message": "  POST       /reservations/{reservation_id}/cancel", "module": "main", "function": "startup_event", "line": 81}
{"timestamp": "2025-12-27T16:26:01.504934+00:00", "level": "\u001b[32mINFO\u001b[0m", "logger": "main", "message": "  GET        /orders/", "module": "main", "function": "startup_event", "line": 81}
{"timestamp": "2025-12-27T16:26:01.505117+00:00", "level": "\u001b[32mINFO\u001b[0m", "logger": "main", "message": "  POST       /pricing/modifiers", "module": "main", "function": "startup_event", "line": 81}
{"timestamp": "2025-12-27T16:26:01.505319+00:00", "level": "\u001b[32mINFO\u001b[0m", "logger": "main", "message": "  GET        /pricing/modifiers", "module": "main", "function": "startup_event", "line": 81}
{"timestamp": "2025-12-27T16:26:01.505469+00:00", "level": "\u001b[32mINFO\u001b[0m", "logger": "main", "message": "  GET        /pricing/modifiers/{modifier_id}", "module": "main", "function": "startup_event", "line": 81}
{"timestamp": "2025-12-27T16:26:01.505626+00:00", "level": "\u001b[32mINFO\u001b[0m", "logger": "main", "message": "  PATCH      /pricing/modifiers/{modifier_id}", "module": "main", "function": "startup_event", "line": 81}
{"timestamp": "2025-12-27T16:26:01.505740+00:00", "level": "\u001b[32mINFO\u001b[0m", "logger": "main", "message": "  DELETE     /pricing/modifiers/{modifier_id}", "module": "main", "function": "startup_event", "line": 81}
{"timestamp": "2025-12-27T16:26:01.505849+00:00", "level": "\u001b[32mINFO\u001b[0m", "logger": "main", "message": "  GET        /payments/order/{order_id}", "module": "main", "function": "startup_event", "line": 81}
{"timestamp": "2025-12-27T16:26:01.505959+00:00", "level": "\u001b[32mINFO\u001b[0m", "logger": "main", "message": "  GET        /payments/{payment_attempt_id}", "module": "main", "function": "startup_event", "line": 81}
{"timestamp": "2025-12-27T16:26:01.506066+00:00", "level": "\u001b[32mINFO\u001b[0m", "logger": "main", "message": "  GET        /refunds/{refund_id}", "module": "main", "function": "startup_event", "line": 81}
{"timestamp": "2025-12-27T16:26:01.506175+00:00", "level": "\u001b[32mINFO\u001b[0m", "logger": "main", "message": "  GET        /refunds/reservation/{reservation_id}", "module": "main", "function": "startup_event", "line": 81}
{"timestamp": "2025-12-27T16:26:01.506283+00:00", "level": "\u001b[32mINFO\u001b[0m", "logger": "main", "message": "  POST       /admin/reservations/{reservation_id}/cancel", "module": "main", "function": "startup_event", "line": 81}
{"timestamp": "2025-12-27T16:26:01.506392+00:00", "level": "\u001b[32mINFO\u001b[0m", "logger": "main", "message": "  POST       /admin/orders/{order_id}/cancel", "module": "main", "function": "startup_event", "line": 81}
{"timestamp": "2025-12-27T16:26:01.506501+00:00", "level": "\u001b[32mINFO\u001b[0m", "logger": "main", "message": "  POST       /admin/payments/{payment_attempt_id}/fail", "module": "main", "function": "startup_event", "line": 81}
{"timestamp": "2025-12-27T16:26:01.506611+00:00", "level": "\u001b[32mINFO\u001b[0m", "logger": "main", "message": "  POST       /admin/refunds/force", "module": "main", "function": "startup_event", "line": 81}
{"timestamp": "2025-12-27T16:26:01.506720+00:00", "level": "\u001b[32mINFO\u001b[0m", "logger": "main", "message": "  GET        /admin/users/{user_id}/profile", "module": "main", "function": "startup_event", "line": 81}
{"timestamp": "2025-12-27T16:26:01.506827+00:00", "level": "\u001b[32mINFO\u001b[0m", "logger": "main", "message": "  PATCH      /admin/users/{user_id}/type", "module": "main", "function": "startup_event", "line": 81}
{"timestamp": "2025-12-27T16:26:01.506934+00:00", "level": "\u001b[32mINFO\u001b[0m", "logger": "main", "message": "  DELETE     /admin/users/{user_id}/profile", "module": "main", "function": "startup_event", "line": 81}
{"timestamp": "2025-12-27T16:26:01.507042+00:00", "level": "\u001b[32mINFO\u001b[0m", "logger": "main", "message": "  GET        /", "module": "main", "function": "startup_event", "line": 81}
{"timestamp": "2025-12-27T16:26:01.507149+00:00", "level": "\u001b[32mINFO\u001b[0m", "logger": "main", "message": "  GET        /health", "module": "main", "function": "startup_event", "line": 81}
{"timestamp": "2025-12-27T16:26:01.507253+00:00", "level": "\u001b[32mINFO\u001b[0m", "logger": "main", "message": "All event handlers registered", "module": "main", "function": "startup_event", "line": 83}
{"timestamp": "2025-12-27T16:26:01.507375+00:00", "level": "\u001b[32mINFO\u001b[0m", "logger": "main", "message": "System ready to accept requests", "module": "main", "function": "startup_event", "line": 84}
